Analysis & Synthesis report for led_matrix
Fri Feb 23 21:13:02 2024
Quartus II 64-Bit Version 13.1.0 Build 162 10/23/2013 SJ Web Edition


---------------------
; Table of Contents ;
---------------------
  1. Legal Notice
  2. Analysis & Synthesis Summary
  3. Analysis & Synthesis Settings
  4. Parallel Compilation
  5. Analysis & Synthesis Source Files Read
  6. Analysis & Synthesis Resource Usage Summary
  7. Analysis & Synthesis Resource Utilization by Entity
  8. Registers Removed During Synthesis
  9. General Register Statistics
 10. Inverted Register Statistics
 11. Multiplexer Restructuring Statistics (Restructuring Performed)
 12. Parameter Settings for User Entity Instance: Top-level Entity: |led_matrix
 13. Parameter Settings for User Entity Instance: frequency_divider_100_Hz:frequency_divider_100_Hz
 14. Parameter Settings for User Entity Instance: frequency_divider_1_second:frequency_divider_1_second
 15. Elapsed Time Per Partition
 16. Analysis & Synthesis Messages



----------------
; Legal Notice ;
----------------
Copyright (C) 1991-2013 Altera Corporation
Your use of Altera Corporation's design tools, logic functions 
and other software and tools, and its AMPP partner logic 
functions, and any output files from any of the foregoing 
(including device programming or simulation files), and any 
associated documentation or information are expressly subject 
to the terms and conditions of the Altera Program License 
Subscription Agreement, Altera MegaCore Function License 
Agreement, or other applicable license agreement, including, 
without limitation, that your use is for the sole purpose of 
programming logic devices manufactured by Altera and sold by 
Altera or its authorized distributors.  Please refer to the 
applicable agreement for further details.



+---------------------------------------------------------------------------------+
; Analysis & Synthesis Summary                                                    ;
+------------------------------------+--------------------------------------------+
; Analysis & Synthesis Status        ; Successful - Fri Feb 23 21:13:01 2024      ;
; Quartus II 64-Bit Version          ; 13.1.0 Build 162 10/23/2013 SJ Web Edition ;
; Revision Name                      ; led_matrix                                 ;
; Top-level Entity Name              ; led_matrix                                 ;
; Family                             ; Cyclone III                                ;
; Total logic elements               ; 344                                        ;
;     Total combinational functions  ; 336                                        ;
;     Dedicated logic registers      ; 115                                        ;
; Total registers                    ; 115                                        ;
; Total pins                         ; 14                                         ;
; Total virtual pins                 ; 0                                          ;
; Total memory bits                  ; 0                                          ;
; Embedded Multiplier 9-bit elements ; 0                                          ;
; Total PLLs                         ; 0                                          ;
+------------------------------------+--------------------------------------------+


+----------------------------------------------------------------------------------------------------------------------+
; Analysis & Synthesis Settings                                                                                        ;
+----------------------------------------------------------------------------+--------------------+--------------------+
; Option                                                                     ; Setting            ; Default Value      ;
+----------------------------------------------------------------------------+--------------------+--------------------+
; Device                                                                     ; EP3C25F256C8       ;                    ;
; Top-level entity name                                                      ; led_matrix         ; led_matrix         ;
; Family name                                                                ; Cyclone III        ; Cyclone IV GX      ;
; Use smart compilation                                                      ; Off                ; Off                ;
; Enable parallel Assembler and TimeQuest Timing Analyzer during compilation ; On                 ; On                 ;
; Enable compact report table                                                ; Off                ; Off                ;
; Restructure Multiplexers                                                   ; Auto               ; Auto               ;
; Create Debugging Nodes for IP Cores                                        ; Off                ; Off                ;
; Preserve fewer node names                                                  ; On                 ; On                 ;
; Disable OpenCore Plus hardware evaluation                                  ; Off                ; Off                ;
; Verilog Version                                                            ; Verilog_2001       ; Verilog_2001       ;
; VHDL Version                                                               ; VHDL_1993          ; VHDL_1993          ;
; State Machine Processing                                                   ; Auto               ; Auto               ;
; Safe State Machine                                                         ; Off                ; Off                ;
; Extract Verilog State Machines                                             ; On                 ; On                 ;
; Extract VHDL State Machines                                                ; On                 ; On                 ;
; Ignore Verilog initial constructs                                          ; Off                ; Off                ;
; Iteration limit for constant Verilog loops                                 ; 5000               ; 5000               ;
; Iteration limit for non-constant Verilog loops                             ; 250                ; 250                ;
; Add Pass-Through Logic to Inferred RAMs                                    ; On                 ; On                 ;
; Infer RAMs from Raw Logic                                                  ; On                 ; On                 ;
; Parallel Synthesis                                                         ; On                 ; On                 ;
; DSP Block Balancing                                                        ; Auto               ; Auto               ;
; NOT Gate Push-Back                                                         ; On                 ; On                 ;
; Power-Up Don't Care                                                        ; On                 ; On                 ;
; Remove Redundant Logic Cells                                               ; Off                ; Off                ;
; Remove Duplicate Registers                                                 ; On                 ; On                 ;
; Ignore CARRY Buffers                                                       ; Off                ; Off                ;
; Ignore CASCADE Buffers                                                     ; Off                ; Off                ;
; Ignore GLOBAL Buffers                                                      ; Off                ; Off                ;
; Ignore ROW GLOBAL Buffers                                                  ; Off                ; Off                ;
; Ignore LCELL Buffers                                                       ; Off                ; Off                ;
; Ignore SOFT Buffers                                                        ; On                 ; On                 ;
; Limit AHDL Integers to 32 Bits                                             ; Off                ; Off                ;
; Optimization Technique                                                     ; Balanced           ; Balanced           ;
; Carry Chain Length                                                         ; 70                 ; 70                 ;
; Auto Carry Chains                                                          ; On                 ; On                 ;
; Auto Open-Drain Pins                                                       ; On                 ; On                 ;
; Perform WYSIWYG Primitive Resynthesis                                      ; Off                ; Off                ;
; Auto ROM Replacement                                                       ; On                 ; On                 ;
; Auto RAM Replacement                                                       ; On                 ; On                 ;
; Auto DSP Block Replacement                                                 ; On                 ; On                 ;
; Auto Shift Register Replacement                                            ; Auto               ; Auto               ;
; Allow Shift Register Merging across Hierarchies                            ; Auto               ; Auto               ;
; Auto Clock Enable Replacement                                              ; On                 ; On                 ;
; Strict RAM Replacement                                                     ; Off                ; Off                ;
; Allow Synchronous Control Signals                                          ; On                 ; On                 ;
; Force Use of Synchronous Clear Signals                                     ; Off                ; Off                ;
; Auto RAM Block Balancing                                                   ; On                 ; On                 ;
; Auto RAM to Logic Cell Conversion                                          ; Off                ; Off                ;
; Auto Resource Sharing                                                      ; Off                ; Off                ;
; Allow Any RAM Size For Recognition                                         ; Off                ; Off                ;
; Allow Any ROM Size For Recognition                                         ; Off                ; Off                ;
; Allow Any Shift Register Size For Recognition                              ; Off                ; Off                ;
; Use LogicLock Constraints during Resource Balancing                        ; On                 ; On                 ;
; Ignore translate_off and synthesis_off directives                          ; Off                ; Off                ;
; Timing-Driven Synthesis                                                    ; On                 ; On                 ;
; Report Parameter Settings                                                  ; On                 ; On                 ;
; Report Source Assignments                                                  ; On                 ; On                 ;
; Report Connectivity Checks                                                 ; On                 ; On                 ;
; Ignore Maximum Fan-Out Assignments                                         ; Off                ; Off                ;
; Synchronization Register Chain Length                                      ; 2                  ; 2                  ;
; PowerPlay Power Optimization                                               ; Normal compilation ; Normal compilation ;
; HDL message level                                                          ; Level2             ; Level2             ;
; Suppress Register Optimization Related Messages                            ; Off                ; Off                ;
; Number of Removed Registers Reported in Synthesis Report                   ; 5000               ; 5000               ;
; Number of Swept Nodes Reported in Synthesis Report                         ; 5000               ; 5000               ;
; Number of Inverted Registers Reported in Synthesis Report                  ; 100                ; 100                ;
; Clock MUX Protection                                                       ; On                 ; On                 ;
; Auto Gated Clock Conversion                                                ; Off                ; Off                ;
; Block Design Naming                                                        ; Auto               ; Auto               ;
; SDC constraint protection                                                  ; Off                ; Off                ;
; Synthesis Effort                                                           ; Auto               ; Auto               ;
; Shift Register Replacement - Allow Asynchronous Clear Signal               ; On                 ; On                 ;
; Pre-Mapping Resynthesis Optimization                                       ; Off                ; Off                ;
; Analysis & Synthesis Message Level                                         ; Medium             ; Medium             ;
; Disable Register Merging Across Hierarchies                                ; Auto               ; Auto               ;
; Resource Aware Inference For Block RAM                                     ; On                 ; On                 ;
; Synthesis Seed                                                             ; 1                  ; 1                  ;
+----------------------------------------------------------------------------+--------------------+--------------------+


Parallel compilation was disabled, but you have multiple processors available. Enable parallel compilation to reduce compilation time.
+-------------------------------------+
; Parallel Compilation                ;
+----------------------------+--------+
; Processors                 ; Number ;
+----------------------------+--------+
; Number detected on machine ; 16     ;
; Maximum allowed            ; 1      ;
+----------------------------+--------+


+-----------------------------------------------------------------------------------------------------------------------------------------------------------------------------------+
; Analysis & Synthesis Source Files Read                                                                                                                                            ;
+----------------------------------+-----------------+------------------------------+-------------------------------------------------------------------------------------+---------+
; File Name with User-Entered Path ; Used in Netlist ; File Type                    ; File Name with Absolute Path                                                        ; Library ;
+----------------------------------+-----------------+------------------------------+-------------------------------------------------------------------------------------+---------+
; led_matrix.v                     ; yes             ; User Verilog HDL File        ; C:/Users/lucas/Documents/GitHub/verilog_matriz_led_8x8/led_matrix.v                 ;         ;
; frequency_divider_1_second.v     ; yes             ; User Verilog HDL File        ; C:/Users/lucas/Documents/GitHub/verilog_matriz_led_8x8/frequency_divider_1_second.v ;         ;
; DeBounce.v                       ; yes             ; User Verilog HDL File        ; C:/Users/lucas/Documents/GitHub/verilog_matriz_led_8x8/DeBounce.v                   ;         ;
; frequency_divider_100_Hz.v       ; yes             ; User Verilog HDL File        ; C:/Users/lucas/Documents/GitHub/verilog_matriz_led_8x8/frequency_divider_100_Hz.v   ;         ;
; display.v                        ; yes             ; Auto-Found Verilog HDL File  ; C:/Users/lucas/Documents/GitHub/verilog_matriz_led_8x8/display.v                    ;         ;
+----------------------------------+-----------------+------------------------------+-------------------------------------------------------------------------------------+---------+


+------------------------------------------------------------+
; Analysis & Synthesis Resource Usage Summary                ;
+---------------------------------------------+--------------+
; Resource                                    ; Usage        ;
+---------------------------------------------+--------------+
; Estimated Total logic elements              ; 344          ;
;                                             ;              ;
; Total combinational functions               ; 336          ;
; Logic element usage by number of LUT inputs ;              ;
;     -- 4 input functions                    ; 192          ;
;     -- 3 input functions                    ; 54           ;
;     -- <=2 input functions                  ; 90           ;
;                                             ;              ;
; Logic elements by mode                      ;              ;
;     -- normal mode                          ; 271          ;
;     -- arithmetic mode                      ; 65           ;
;                                             ;              ;
; Total registers                             ; 115          ;
;     -- Dedicated logic registers            ; 115          ;
;     -- I/O registers                        ; 0            ;
;                                             ;              ;
; I/O pins                                    ; 14           ;
; Embedded Multiplier 9-bit elements          ; 0            ;
; Maximum fan-out node                        ; clk_in~input ;
; Maximum fan-out                             ; 66           ;
; Total fan-out                               ; 1450         ;
; Average fan-out                             ; 3.03         ;
+---------------------------------------------+--------------+


+-----------------------------------------------------------------------------------------------------------------------------------------------------------------------------------------------------------------------------------------------------------+
; Analysis & Synthesis Resource Utilization by Entity                                                                                                                                                                                                       ;
+------------------------------------------------------------+-------------------+--------------+-------------+--------------+---------+-----------+------+--------------+-------------------------------------------------------------------+--------------+
; Compilation Hierarchy Node                                 ; LC Combinationals ; LC Registers ; Memory Bits ; DSP Elements ; DSP 9x9 ; DSP 18x18 ; Pins ; Virtual Pins ; Full Hierarchy Name                                               ; Library Name ;
+------------------------------------------------------------+-------------------+--------------+-------------+--------------+---------+-----------+------+--------------+-------------------------------------------------------------------+--------------+
; |led_matrix                                                ; 336 (219)         ; 115 (24)     ; 0           ; 0            ; 0       ; 0         ; 14   ; 0            ; |led_matrix                                                       ; work         ;
;    |DeBounce:DeBounce_down|                                ; 1 (0)             ; 3 (0)        ; 0           ; 0            ; 0       ; 0         ; 0    ; 0            ; |led_matrix|DeBounce:DeBounce_down                                ; work         ;
;       |my_dff:d0|                                          ; 1 (1)             ; 1 (1)        ; 0           ; 0            ; 0       ; 0         ; 0    ; 0            ; |led_matrix|DeBounce:DeBounce_down|my_dff:d0                      ; work         ;
;       |my_dff:d1|                                          ; 0 (0)             ; 1 (1)        ; 0           ; 0            ; 0       ; 0         ; 0    ; 0            ; |led_matrix|DeBounce:DeBounce_down|my_dff:d1                      ; work         ;
;       |my_dff:d2|                                          ; 0 (0)             ; 1 (1)        ; 0           ; 0            ; 0       ; 0         ; 0    ; 0            ; |led_matrix|DeBounce:DeBounce_down|my_dff:d2                      ; work         ;
;    |DeBounce:DeBounce_left|                                ; 1 (0)             ; 3 (0)        ; 0           ; 0            ; 0       ; 0         ; 0    ; 0            ; |led_matrix|DeBounce:DeBounce_left                                ; work         ;
;       |my_dff:d0|                                          ; 1 (1)             ; 1 (1)        ; 0           ; 0            ; 0       ; 0         ; 0    ; 0            ; |led_matrix|DeBounce:DeBounce_left|my_dff:d0                      ; work         ;
;       |my_dff:d1|                                          ; 0 (0)             ; 1 (1)        ; 0           ; 0            ; 0       ; 0         ; 0    ; 0            ; |led_matrix|DeBounce:DeBounce_left|my_dff:d1                      ; work         ;
;       |my_dff:d2|                                          ; 0 (0)             ; 1 (1)        ; 0           ; 0            ; 0       ; 0         ; 0    ; 0            ; |led_matrix|DeBounce:DeBounce_left|my_dff:d2                      ; work         ;
;    |DeBounce:DeBounce_right|                               ; 1 (0)             ; 3 (0)        ; 0           ; 0            ; 0       ; 0         ; 0    ; 0            ; |led_matrix|DeBounce:DeBounce_right                               ; work         ;
;       |my_dff:d0|                                          ; 1 (1)             ; 1 (1)        ; 0           ; 0            ; 0       ; 0         ; 0    ; 0            ; |led_matrix|DeBounce:DeBounce_right|my_dff:d0                     ; work         ;
;       |my_dff:d1|                                          ; 0 (0)             ; 1 (1)        ; 0           ; 0            ; 0       ; 0         ; 0    ; 0            ; |led_matrix|DeBounce:DeBounce_right|my_dff:d1                     ; work         ;
;       |my_dff:d2|                                          ; 0 (0)             ; 1 (1)        ; 0           ; 0            ; 0       ; 0         ; 0    ; 0            ; |led_matrix|DeBounce:DeBounce_right|my_dff:d2                     ; work         ;
;    |DeBounce:DeBounce_up|                                  ; 1 (0)             ; 3 (0)        ; 0           ; 0            ; 0       ; 0         ; 0    ; 0            ; |led_matrix|DeBounce:DeBounce_up                                  ; work         ;
;       |my_dff:d0|                                          ; 1 (1)             ; 1 (1)        ; 0           ; 0            ; 0       ; 0         ; 0    ; 0            ; |led_matrix|DeBounce:DeBounce_up|my_dff:d0                        ; work         ;
;       |my_dff:d1|                                          ; 0 (0)             ; 1 (1)        ; 0           ; 0            ; 0       ; 0         ; 0    ; 0            ; |led_matrix|DeBounce:DeBounce_up|my_dff:d1                        ; work         ;
;       |my_dff:d2|                                          ; 0 (0)             ; 1 (1)        ; 0           ; 0            ; 0       ; 0         ; 0    ; 0            ; |led_matrix|DeBounce:DeBounce_up|my_dff:d2                        ; work         ;
;    |display:display|                                       ; 20 (20)           ; 13 (13)      ; 0           ; 0            ; 0       ; 0         ; 0    ; 0            ; |led_matrix|display:display                                       ; work         ;
;    |frequency_divider_100_Hz:frequency_divider_100_Hz|     ; 47 (47)           ; 33 (33)      ; 0           ; 0            ; 0       ; 0         ; 0    ; 0            ; |led_matrix|frequency_divider_100_Hz:frequency_divider_100_Hz     ; work         ;
;    |frequency_divider_1_second:frequency_divider_1_second| ; 46 (46)           ; 33 (33)      ; 0           ; 0            ; 0       ; 0         ; 0    ; 0            ; |led_matrix|frequency_divider_1_second:frequency_divider_1_second ; work         ;
+------------------------------------------------------------+-------------------+--------------+-------------+--------------+---------+-----------+------+--------------+-------------------------------------------------------------------+--------------+
Note: For table entries with two numbers listed, the numbers in parentheses indicate the number of resources of the given type used by the specific entity alone. The numbers listed outside of parentheses indicate the total resources of the given type used by the specific entity and all of its sub-entities in the hierarchy.


+---------------------------------------------------------------------------------+
; Registers Removed During Synthesis                                              ;
+----------------------------------------+----------------------------------------+
; Register name                          ; Reason for Removal                     ;
+----------------------------------------+----------------------------------------+
; pr[6,14]                               ; Merged with pc[2]                      ;
; pc[22]                                 ; Merged with pc[2]                      ;
; pr[2,22]                               ; Merged with pc[2]                      ;
; pc[18]                                 ; Merged with pc[2]                      ;
; pr[10]                                 ; Merged with pc[2]                      ;
; pc[10]                                 ; Merged with pc[2]                      ;
; pr[18]                                 ; Merged with pc[2]                      ;
; pc[26]                                 ; Merged with pc[2]                      ;
; pr[26]                                 ; Merged with pc[2]                      ;
; pc[16]                                 ; Merged with pc[2]                      ;
; pr[4]                                  ; Merged with pc[2]                      ;
; pc[8]                                  ; Merged with pc[2]                      ;
; pr[8]                                  ; Merged with pc[2]                      ;
; pc[20]                                 ; Merged with pc[2]                      ;
; pr[12]                                 ; Merged with pc[2]                      ;
; pc[4]                                  ; Merged with pc[2]                      ;
; pr[16]                                 ; Merged with pc[2]                      ;
; pc[24]                                 ; Merged with pc[2]                      ;
; pr[20]                                 ; Merged with pc[2]                      ;
; pc[12]                                 ; Merged with pc[2]                      ;
; pr[24]                                 ; Merged with pc[2]                      ;
; pc[28]                                 ; Merged with pc[2]                      ;
; pr[28,31]                              ; Merged with pc[2]                      ;
; pc[7,15]                               ; Merged with pc[2]                      ;
; pr[3]                                  ; Merged with pc[2]                      ;
; pc[17]                                 ; Merged with pc[2]                      ;
; pr[5]                                  ; Merged with pc[2]                      ;
; pc[3]                                  ; Merged with pc[2]                      ;
; pr[7]                                  ; Merged with pc[2]                      ;
; pc[19]                                 ; Merged with pc[2]                      ;
; pr[9]                                  ; Merged with pc[2]                      ;
; pc[9]                                  ; Merged with pc[2]                      ;
; pr[11]                                 ; Merged with pc[2]                      ;
; pc[21]                                 ; Merged with pc[2]                      ;
; pr[13,15]                              ; Merged with pc[2]                      ;
; pc[23]                                 ; Merged with pc[2]                      ;
; pr[17]                                 ; Merged with pc[2]                      ;
; pc[11]                                 ; Merged with pc[2]                      ;
; pr[19]                                 ; Merged with pc[2]                      ;
; pc[25]                                 ; Merged with pc[2]                      ;
; pr[21]                                 ; Merged with pc[2]                      ;
; pc[5]                                  ; Merged with pc[2]                      ;
; pr[23]                                 ; Merged with pc[2]                      ;
; pc[27]                                 ; Merged with pc[2]                      ;
; pr[25]                                 ; Merged with pc[2]                      ;
; pc[13]                                 ; Merged with pc[2]                      ;
; pr[27]                                 ; Merged with pc[2]                      ;
; pc[29,31]                              ; Merged with pc[2]                      ;
; pr[29]                                 ; Merged with pc[2]                      ;
; pc[6,14,30]                            ; Merged with pc[2]                      ;
; pr[30]                                 ; Merged with pc[2]                      ;
; led_act[0]                             ; Stuck at GND due to stuck port data_in ;
; pc[2]                                  ; Stuck at GND due to stuck port data_in ;
; led_act[4]                             ; Merged with display:display|led_act[4] ;
; Total Number of Removed Registers = 62 ;                                        ;
+----------------------------------------+----------------------------------------+


+------------------------------------------------------+
; General Register Statistics                          ;
+----------------------------------------------+-------+
; Statistic                                    ; Value ;
+----------------------------------------------+-------+
; Total registers                              ; 115   ;
; Number of registers using Synchronous Clear  ; 64    ;
; Number of registers using Synchronous Load   ; 9     ;
; Number of registers using Asynchronous Clear ; 0     ;
; Number of registers using Asynchronous Load  ; 0     ;
; Number of registers using Clock Enable       ; 13    ;
; Number of registers using Preset             ; 0     ;
+----------------------------------------------+-------+


+--------------------------------------------------+
; Inverted Register Statistics                     ;
+----------------------------------------+---------+
; Inverted Register                      ; Fan out ;
+----------------------------------------+---------+
; display:display|y1                     ; 1       ;
; display:display|y2                     ; 1       ;
; display:display|y3                     ; 1       ;
; display:display|y4                     ; 1       ;
; leds_data[3]                           ; 7       ;
; Total number of inverted registers = 5 ;         ;
+----------------------------------------+---------+


+---------------------------------------------------------------------------------------------------------------------------------------------------+
; Multiplexer Restructuring Statistics (Restructuring Performed)                                                                                    ;
+--------------------+-----------+---------------+----------------------+------------------------+------------+-------------------------------------+
; Multiplexer Inputs ; Bus Width ; Baseline Area ; Area if Restructured ; Saving if Restructured ; Registered ; Example Multiplexer Output          ;
+--------------------+-----------+---------------+----------------------+------------------------+------------+-------------------------------------+
; 3:1                ; 5 bits    ; 10 LEs        ; 5 LEs                ; 5 LEs                  ; No         ; |led_matrix|display:display|led_act ;
; 14:1               ; 3 bits    ; 27 LEs        ; 27 LEs               ; 0 LEs                  ; No         ; |led_matrix|pc                      ;
; 16:1               ; 2 bits    ; 20 LEs        ; 16 LEs               ; 4 LEs                  ; No         ; |led_matrix|pr                      ;
+--------------------+-----------+---------------+----------------------+------------------------+------------+-------------------------------------+


+----------------------------------------------------------------------------+
; Parameter Settings for User Entity Instance: Top-level Entity: |led_matrix ;
+----------------+-------+---------------------------------------------------+
; Parameter Name ; Value ; Type                                              ;
+----------------+-------+---------------------------------------------------+
; ROWS           ; 4     ; Signed Integer                                    ;
; COLUMNS        ; 4     ; Signed Integer                                    ;
; PIXELS         ; 16    ; Signed Integer                                    ;
+----------------+-------+---------------------------------------------------+
Note: In order to hide this table in the UI and the text report file, please set the "Show Parameter Settings in Synthesis Report" option in "Analysis and Synthesis Settings -> More Settings" to "Off".


+------------------------------------------------------------------------------------------------+
; Parameter Settings for User Entity Instance: frequency_divider_100_Hz:frequency_divider_100_Hz ;
+----------------+-------+-----------------------------------------------------------------------+
; Parameter Name ; Value ; Type                                                                  ;
+----------------+-------+-----------------------------------------------------------------------+
; COUNT_25MHZ    ; 2500  ; Signed Integer                                                        ;
; COUNT_12MHZ    ; 1250  ; Signed Integer                                                        ;
+----------------+-------+-----------------------------------------------------------------------+
Note: In order to hide this table in the UI and the text report file, please set the "Show Parameter Settings in Synthesis Report" option in "Analysis and Synthesis Settings -> More Settings" to "Off".


+----------------------------------------------------------------------------------------------------+
; Parameter Settings for User Entity Instance: frequency_divider_1_second:frequency_divider_1_second ;
+----------------+---------+-------------------------------------------------------------------------+
; Parameter Name ; Value   ; Type                                                                    ;
+----------------+---------+-------------------------------------------------------------------------+
; COUNT_25MHZ    ; 6250000 ; Signed Integer                                                          ;
; COUNT_12MHZ    ; 3125000 ; Signed Integer                                                          ;
+----------------+---------+-------------------------------------------------------------------------+
Note: In order to hide this table in the UI and the text report file, please set the "Show Parameter Settings in Synthesis Report" option in "Analysis and Synthesis Settings -> More Settings" to "Off".


+-------------------------------+
; Elapsed Time Per Partition    ;
+----------------+--------------+
; Partition Name ; Elapsed Time ;
+----------------+--------------+
; Top            ; 00:00:02     ;
+----------------+--------------+


+-------------------------------+
; Analysis & Synthesis Messages ;
+-------------------------------+
Info: *******************************************************************
Info: Running Quartus II 64-Bit Analysis & Synthesis
    Info: Version 13.1.0 Build 162 10/23/2013 SJ Web Edition
    Info: Processing started: Fri Feb 23 21:12:58 2024
Info: Command: quartus_map --read_settings_files=on --write_settings_files=off led_matrix -c led_matrix
Warning (20028): Parallel compilation is not licensed and has been disabled
Info (12021): Found 1 design units, including 1 entities, in source file led_matrix.v
    Info (12023): Found entity 1: led_matrix
Warning (12019): Can't analyze file -- file dif_freq.v is missing
Warning (12019): Can't analyze file -- file divisor_frequencia_1_segundo.v is missing
Info (12021): Found 1 design units, including 1 entities, in source file frequency_divider_1_second.v
    Info (12023): Found entity 1: frequency_divider_1_second
Warning (12019): Can't analyze file -- file output_files/DeBounce.v is missing
Info (12021): Found 2 design units, including 2 entities, in source file debounce.v
    Info (12023): Found entity 1: DeBounce
    Info (12023): Found entity 2: my_dff
Info (12021): Found 1 design units, including 1 entities, in source file frequency_divider_100_hz.v
    Info (12023): Found entity 1: frequency_divider_100_Hz
Info (12127): Elaborating entity "led_matrix" for the top level hierarchy
Warning (10036): Verilog HDL or VHDL warning at led_matrix.v(32): object "first_clk" assigned a value but never read
Warning (10036): Verilog HDL or VHDL warning at led_matrix.v(39): object "frame" assigned a value but never read
Info (12128): Elaborating entity "frequency_divider_100_Hz" for hierarchy "frequency_divider_100_Hz:frequency_divider_100_Hz"
Info (12128): Elaborating entity "frequency_divider_1_second" for hierarchy "frequency_divider_1_second:frequency_divider_1_second"
Info (12128): Elaborating entity "DeBounce" for hierarchy "DeBounce:DeBounce_down"
Info (12128): Elaborating entity "my_dff" for hierarchy "DeBounce:DeBounce_down|my_dff:d0"
Warning (12125): Using design file display.v, which is not specified as a design file for the current project, but contains definitions for 1 design units and 1 entities in project
    Info (12023): Found entity 1: display
Info (12128): Elaborating entity "display" for hierarchy "display:display"
Warning (13024): Output pins are stuck at VCC or GND
    Warning (13410): Pin "clk_out" is stuck at GND
Info (286030): Timing-Driven Synthesis is running
Info (16010): Generating hard_block partition "hard_block:auto_generated_inst"
    Info (16011): Adding 0 node(s), including 0 DDIO, 0 PLL, 0 transceiver and 0 LCELL
Info (21057): Implemented 361 device resources after synthesis - the final resource count might be different
    Info (21058): Implemented 5 input pins
    Info (21059): Implemented 9 output pins
    Info (21061): Implemented 347 logic cells
Info: Quartus II 64-Bit Analysis & Synthesis was successful. 0 errors, 9 warnings
    Info: Peak virtual memory: 4622 megabytes
    Info: Processing ended: Fri Feb 23 21:13:02 2024
    Info: Elapsed time: 00:00:04
    Info: Total CPU time (on all processors): 00:00:02


